<?xml version="1.0" encoding="UTF-8"?>
<testng-results skipped="0" failed="0" ignored="0" total="1" passed="1">
  <reporter-output>
  </reporter-output>
  <suite name="SampleSauceTest" duration-ms="5089" started-at="2021-07-12T11:34:24 CDT" finished-at="2021-07-12T11:34:29 CDT">
    <groups>
    </groups>
    <test name="Command line test" duration-ms="5089" started-at="2021-07-12T11:34:24 CDT" finished-at="2021-07-12T11:34:29 CDT">
      <class name="SampleSauceTest">
        <test-method status="PASS" signature="openbrowser(java.lang.reflect.Method)[pri:0, instance:SampleSauceTest@13805618]" name="openbrowser" is-config="true" duration-ms="3899" started-at="2021-07-12T11:34:24 CDT" finished-at="2021-07-12T11:34:28 CDT">
          <params>
            <param index="0">
              <value>
                <![CDATA[public static void SampleSauceTest.Test() throws java.lang.InterruptedException]]>
              </value>
            </param>
          </params>
          <reporter-output>
          </reporter-output>
        </test-method> <!-- openbrowser -->
        <test-method status="PASS" signature="Test()[pri:0, instance:SampleSauceTest@13805618]" name="Test" duration-ms="880" started-at="2021-07-12T11:34:28 CDT" finished-at="2021-07-12T11:34:29 CDT">
          <reporter-output>
          </reporter-output>
        </test-method> <!-- Test -->
        <test-method status="PASS" signature="closeBrowser()[pri:0, instance:SampleSauceTest@13805618]" name="closeBrowser" is-config="true" duration-ms="260" started-at="2021-07-12T11:34:29 CDT" finished-at="2021-07-12T11:34:29 CDT">
          <reporter-output>
          </reporter-output>
        </test-method> <!-- closeBrowser -->
      </class> <!-- SampleSauceTest -->
    </test> <!-- Command line test -->
  </suite> <!-- SampleSauceTest -->
</testng-results>
